<?xml version="1.0" encoding="utf-8"?><testsuites name="pytest tests"><testsuite name="pytest" errors="0" failures="0" skipped="0" tests="5" time="1.598" timestamp="2026-07-14T18:43:16.719707+00:00" hostname="agent-env-92169678-5431-4eb5-961f-d8e646fa3685"><testcase classname="tests.backend_test" name="test_root" time="0.374" /><testcase classname="tests.backend_test" name="test_create_quote_and_persist" time="0.211" /><testcase classname="tests.backend_test" name="test_quote_missing_required_fields" time="0.166" /><testcase classname="tests.backend_test" name="test_quote_invalid_email" time="0.180" /><testcase classname="tests.backend_test" name="test_quote_list_recent_first" time="0.105" /></testsuite></testsuites>